<?xml version="1.0" encoding="UTF-8"?>
<!-- Generated by org.testng.reporters.JUnitReportReporter -->
<testsuite hostname="DESKTOP-5OBCTT3" failures="0" tests="2" name="com.demoblaze.testscripts.ContactsDemoblaze" time="14.769" errors="0" timestamp="2022-12-19T22:48:05 IST" skipped="0">
  <testcase classname="com.demoblaze.testscripts.ContactsDemoblaze" name="contactDemoblazeTest" time="7.019"/>
  <system-out/>
  <testcase classname="com.demoblaze.testscripts.ContactsDemoblaze" name="contactDemoblazeTest" time="7.750"/>
  <system-out/>
</testsuite> <!-- com.demoblaze.testscripts.ContactsDemoblaze -->
