<?xml version="1.0" encoding="UTF-8"?>
<!-- Generated by org.testng.reporters.JUnitReportReporter -->
<testsuite hostname="DESKTOP-78GA1ON" failures="0" tests="1" name="com.demoblaze.testscripts.AddToCart" time="11.693" errors="0" timestamp="2023-07-22T13:41:56 IST" skipped="0">
  <testcase classname="com.demoblaze.testscripts.AddToCart" name="addCart" time="11.693"/>
  <system-out/>
</testsuite> <!-- com.demoblaze.testscripts.AddToCart -->
