<?xml version="1.0" encoding="UTF-8"?>
<!-- Generated by org.testng.reporters.JUnitReportReporter -->
<testsuite hostname="DESKTOP-5OBCTT3" failures="0" tests="1" name="com.demoblaze.testscripts.AddToCart" time="9.803" errors="0" timestamp="2022-12-16T20:34:38 IST" skipped="0">
  <testcase classname="com.demoblaze.testscripts.AddToCart" name="addCart" time="9.803"/>
  <system-out/>
</testsuite> <!-- com.demoblaze.testscripts.AddToCart -->
