<?xml version="1.0" encoding="UTF-8"?>
<!-- Generated by org.testng.reporters.JUnitReportReporter -->
<testsuite hostname="DESKTOP-78GA1ON" failures="0" tests="2" name="com.demoblaze.testscripts.ContactsDemoblaze" time="16.064" errors="0" timestamp="2023-07-22T13:41:56 IST" skipped="0">
  <testcase classname="com.demoblaze.testscripts.ContactsDemoblaze" name="contactDemoblazeTest" time="7.173"/>
  <system-out/>
  <testcase classname="com.demoblaze.testscripts.ContactsDemoblaze" name="contactDemoblazeTest" time="8.891"/>
  <system-out/>
</testsuite> <!-- com.demoblaze.testscripts.ContactsDemoblaze -->
